TN:
SF:index.js
FN:7,(anonymous_0)
FN:17,(anonymous_1)
FN:29,(anonymous_2)
FN:41,(anonymous_3)
FN:53,(anonymous_4)
FN:65,(anonymous_5)
FN:66,(anonymous_6)
FN:80,(anonymous_7)
FN:87,(anonymous_8)
FN:99,(anonymous_9)
FNF:10
FNH:10
FNDA:2,(anonymous_0)
FNDA:3,(anonymous_1)
FNDA:1,(anonymous_2)
FNDA:3,(anonymous_3)
FNDA:1,(anonymous_4)
FNDA:4,(anonymous_5)
FNDA:12,(anonymous_6)
FNDA:2,(anonymous_7)
FNDA:2,(anonymous_8)
FNDA:2,(anonymous_9)
DA:7,1
DA:8,2
DA:17,1
DA:18,3
DA:19,3
DA:20,3
DA:29,1
DA:30,1
DA:31,1
DA:32,1
DA:41,1
DA:42,3
DA:43,3
DA:44,3
DA:53,1
DA:54,1
DA:55,1
DA:56,1
DA:65,1
DA:66,4
DA:67,12
DA:68,12
DA:72,4
DA:80,1
DA:81,2
DA:87,1
DA:88,2
DA:89,2
DA:91,2
DA:99,1
DA:100,2
LF:31
LH:31
BRDA:8,0,0,1
BRDA:8,0,1,1
BRDA:19,1,0,2
BRDA:19,1,1,1
BRDA:20,2,0,3
BRDA:20,2,1,0
BRDA:30,3,0,1
BRDA:30,3,1,0
BRDA:43,4,0,0
BRDA:43,4,1,3
BRDA:44,5,0,3
BRDA:44,5,1,0
BRDA:54,6,0,1
BRDA:54,6,1,0
BRDA:68,7,0,6
BRDA:68,7,1,6
BRDA:91,8,0,1
BRDA:91,8,1,1
BRF:18
BRH:13
end_of_record
